<?xml version="1.0" encoding="UTF-8"?>
<!-- Generated by org.testng.reporters.JUnitXMLReporter -->
<testsuite ignored="0" hostname="DESKTOP-MHLLET6" failures="1" tests="1" name="Test" time="9.362" errors="0" timestamp="2023-08-26T07:21:50 SGT">
  <testcase classname="testcases.BlazeTest" name="findFlightTest" time="1.384">
    <failure type="java.lang.NullPointerException" message="Cannot invoke &amp;quot;org.apache.logging.log4j.Logger.info(String)&amp;quot; because &amp;quot;this.logger&amp;quot; is null">
      <![CDATA[java.lang.NullPointerException: Cannot invoke "org.apache.logging.log4j.Logger.info(String)" because "this.logger" is null
at testcases.BlazeTest.findFlightTest(BlazeTest.java:14)
at java.base/java.util.ArrayList.forEach(ArrayList.java:1511)
... Removed 25 stack frames]]>
    </failure>
  </testcase> <!-- findFlightTest -->
</testsuite> <!-- Test -->
