<?xml version="1.0" encoding="UTF-8"?>
<!-- Generated by org.testng.reporters.JUnitXMLReporter -->
<testsuite ignored="0" hostname="DESKTOP-MHLLET6" failures="0" tests="4" name="Test" time="103.052" errors="0" timestamp="2023-08-30T04:57:15 SGT">
  <testcase classname="testcases.BrokenLinks" name="brokenLinksTest" time="17.489"/>
  <testcase classname="testcases.FixedDepositCalculator" name="DepositCalculatorTest" time="43.812"/>
  <testcase classname="testcases.BlazeTest" name="findFlightTest" time="6.904"/>
  <testcase classname="testcases.CITBank_Deposit_Calculator" name="depositCalculatior" time="21.879"/>
</testsuite> <!-- Test -->
