<?xml version="1.0" encoding="UTF-8"?>
<testng-results ignored="0" total="1" passed="1" failed="0" skipped="0">
  <reporter-output>
  </reporter-output>
  <suite started-at="2023-08-30T04:42:56 SGT" name="Default suite" finished-at="2023-08-30T04:43:14 SGT" duration-ms="18095">
    <groups>
    </groups>
    <test started-at="2023-08-30T04:42:56 SGT" name="Default test" finished-at="2023-08-30T04:43:14 SGT" duration-ms="18095">
      <class name="testcases.BrokenLinks">
        <test-method is-config="true" signature="setup()[pri:0, instance:testcases.BrokenLinks@235ecd9f]" started-at="2023-08-30T04:42:56 SGT" name="setup" finished-at="2023-08-30T04:43:01 SGT" duration-ms="5800" status="PASS">
          <reporter-output>
          </reporter-output>
        </test-method> <!-- setup -->
        <test-method signature="brokenLinksTest()[pri:0, instance:testcases.BrokenLinks@235ecd9f]" started-at="2023-08-30T04:43:01 SGT" name="brokenLinksTest" finished-at="2023-08-30T04:43:14 SGT" duration-ms="12224" status="PASS">
          <reporter-output>
          </reporter-output>
        </test-method> <!-- brokenLinksTest -->
      </class> <!-- testcases.BrokenLinks -->
    </test> <!-- Default test -->
  </suite> <!-- Default suite -->
</testng-results>
